총 10개 파일 처리 시작

[2021_노인체육론.json]
  문제 1 해설 생성 중... 완료
  문제 2 해설 생성 중... 완료
  문제 3 해설 생성 중... 완료
  문제 4 해설 생성 중... 완료
  문제 5 해설 생성 중... 완료
  문제 6 해설 생성 중... 완료
  문제 7 해설 생성 중... 완료
  문제 8 해설 생성 중... 완료
  문제 9 해설 생성 중... 완료
  문제 10 해설 생성 중... 완료
  문제 11 해설 생성 중... 완료
  문제 12 해설 생성 중... 완료
  문제 14 해설 생성 중... 완료
  문제 15 해설 생성 중... 완료
  문제 16 해설 생성 중... 완료
  문제 17 해설 생성 중... 완료
  문제 18 해설 생성 중... 완료
  문제 19 해설 생성 중... 완료
  문제 20 해설 생성 중... 완료
  -> 19개 해설 저장 완료

[2021_스포츠교육학.json]
  문제 1 해설 생성 중... 완료
  문제 2 해설 생성 중... 완료
  문제 3 해설 생성 중... 완료
  문제 4 해설 생성 중... 완료
  문제 5 해설 생성 중... 완료
  문제 6 해설 생성 중... 완료
  문제 7 해설 생성 중... 완료
  문제 8 해설 생성 중... 완료
  문제 9 해설 생성 중... 완료
  문제 10 해설 생성 중... 완료
  문제 11 해설 생성 중... 완료
  문제 12 해설 생성 중... 완료
  문제 13 해설 생성 중... 완료
  문제 14 해설 생성 중... 완료
  문제 15 해설 생성 중... 완료
  문제 16 해설 생성 중... 완료
  문제 17 해설 생성 중... 완료
  문제 18 해설 생성 중... 완료
  문제 19 해설 생성 중... 완료
  문제 20 해설 생성 중... 완료
  -> 20개 해설 저장 완료

[2021_스포츠사회학.json]
  문제 1 해설 생성 중... 완료
  문제 2 해설 생성 중... 완료
  문제 3 해설 생성 중... 완료
  문제 4 해설 생성 중... 완료
  문제 5 해설 생성 중... 완료
  문제 6 해설 생성 중... 완료
  문제 7 해설 생성 중... 완료
  문제 8 해설 생성 중... 완료
  문제 9 해설 생성 중... 완료
  문제 10 해설 생성 중... 완료
  문제 11 해설 생성 중... 완료
  문제 12 해설 생성 중... 완료
  문제 13 해설 생성 중... 완료
  문제 14 해설 생성 중... 완료
  문제 15 해설 생성 중... 완료
  문제 16 해설 생성 중... 완료
  문제 17 해설 생성 중... 완료
  문제 18 해설 생성 중... 완료
  문제 19 해설 생성 중... 완료
  문제 20 해설 생성 중... 완료
  -> 20개 해설 저장 완료

[2021_스포츠심리학.json]
  문제 1 해설 생성 중... 완료
  문제 2 해설 생성 중... 완료
  문제 3 해설 생성 중... 완료
  문제 4 해설 생성 중... 완료
  문제 5 해설 생성 중... 완료
  문제 6 해설 생성 중... 완료
  문제 7 해설 생성 중... 완료
  문제 8 해설 생성 중... 완료
  문제 9 해설 생성 중... 완료
  문제 10 해설 생성 중... 완료
  문제 11 해설 생성 중... 완료
  문제 12 해설 생성 중... 완료
  문제 13 해설 생성 중... 완료
  문제 14 해설 생성 중... 완료
  문제 15 해설 생성 중... 완료
  문제 16 해설 생성 중... 완료
  문제 17 해설 생성 중... 완료
  문제 18 해설 생성 중... 완료
  문제 19 해설 생성 중... 완료
  문제 20 해설 생성 중... 완료
  -> 20개 해설 저장 완료

[2021_스포츠윤리.json]
  문제 1 해설 생성 중... 완료
  문제 2 해설 생성 중... 완료
  문제 3 해설 생성 중... 완료
  문제 4 해설 생성 중... 완료
  문제 5 해설 생성 중... 완료
  문제 6 해설 생성 중... 완료
  문제 7 해설 생성 중... 완료
  문제 8 해설 생성 중... 완료
  문제 9 해설 생성 중... 완료
  문제 10 해설 생성 중... 완료
  문제 11 해설 생성 중... 완료
  문제 12 해설 생성 중... 완료
  문제 13 해설 생성 중... 완료
  문제 14 해설 생성 중... 완료
  문제 15 해설 생성 중... 완료
  문제 16 해설 생성 중... 완료
  문제 17 해설 생성 중... 완료
  문제 18 해설 생성 중... 완료
  문제 19 해설 생성 중... 완료
  문제 20 해설 생성 중... 완료
  -> 20개 해설 저장 완료

[2021_운동생리학.json]
  문제 1 해설 생성 중... 완료
  문제 2 해설 생성 중... 완료
  문제 3 해설 생성 중... 완료
  문제 4 해설 생성 중... 완료
  문제 5 해설 생성 중... 완료
  문제 6 해설 생성 중... 완료
  문제 7 해설 생성 중... 완료
  문제 8 해설 생성 중... 완료
  문제 9 해설 생성 중... 완료
  문제 10 해설 생성 중... 완료
  문제 11 해설 생성 중... 완료
  문제 12 해설 생성 중... 완료
  문제 13 해설 생성 중... 완료
  문제 14 해설 생성 중... 완료
  문제 15 해설 생성 중... 완료
  문제 16 해설 생성 중... 완료
  문제 17 해설 생성 중... 완료
  문제 18 해설 생성 중... 완료
  문제 19 해설 생성 중... 완료
  문제 20 해설 생성 중... 완료
  -> 20개 해설 저장 완료

[2021_운동역학.json]
  문제 1 해설 생성 중... 완료
  문제 2 해설 생성 중... 완료
  문제 3 해설 생성 중... 완료
  문제 4 해설 생성 중... 완료
  문제 5 해설 생성 중... 완료
  문제 6 해설 생성 중... 완료
  문제 7 해설 생성 중... 완료
  문제 8 해설 생성 중... 완료
  문제 9 해설 생성 중... 완료
  문제 10 해설 생성 중... 완료
  문제 11 해설 생성 중... 완료
  문제 12 해설 생성 중... 완료
  문제 13 해설 생성 중... 완료
  문제 14 해설 생성 중... 완료
  문제 15 해설 생성 중... 완료
  문제 16 해설 생성 중... 완료
  문제 17 해설 생성 중... 완료
  문제 18 해설 생성 중... 완료
  문제 19 해설 생성 중... 완료
  문제 20 해설 생성 중... 완료
  -> 20개 해설 저장 완료

[2021_유아체육론.json]
  문제 1 해설 생성 중... 완료
  문제 2 해설 생성 중... 완료
  문제 3 해설 생성 중... 완료
  문제 4 해설 생성 중... 완료
  문제 5 해설 생성 중... 완료
  문제 6 해설 생성 중... 완료
  문제 7 해설 생성 중... 완료
  문제 8 해설 생성 중... 완료
  문제 9 해설 생성 중... 완료
  문제 10 해설 생성 중... 완료
  문제 11 해설 생성 중... 완료
  문제 12 해설 생성 중... 완료
  문제 13 해설 생성 중... 완료
  문제 14 해설 생성 중... 완료
  문제 15 해설 생성 중... 완료
  문제 16 해설 생성 중... 완료
  문제 17 해설 생성 중... 완료
  문제 18 해설 생성 중... 완료
  문제 19 해설 생성 중... 완료
  문제 20 해설 생성 중... 완료
  -> 20개 해설 저장 완료

[2021_특수체육론.json]
  문제 1 해설 생성 중... 완료
  문제 2 해설 생성 중... 완료
  문제 3 해설 생성 중... 완료
  문제 4 해설 생성 중... 완료
  문제 5 해설 생성 중... 완료
  문제 6 해설 생성 중... 완료
  문제 7 해설 생성 중... 완료
  문제 8 해설 생성 중... 완료
  문제 9 해설 생성 중... 완료
  문제 10 해설 생성 중... 완료
  문제 11 해설 생성 중... 완료
  문제 12 해설 생성 중... 완료
  문제 13 해설 생성 중... 완료
  문제 14 해설 생성 중... 완료
  문제 15 해설 생성 중... 완료
  문제 16 해설 생성 중... 완료
  문제 17 해설 생성 중... 완료
  문제 18 해설 생성 중... 완료
  문제 19 해설 생성 중... 완료
  문제 20 해설 생성 중... 완료
  -> 20개 해설 저장 완료

[2021_한국체육사.json]
  문제 1 해설 생성 중... 완료
  문제 2 해설 생성 중... 완료
  문제 3 해설 생성 중... 완료
  문제 4 해설 생성 중... 완료
  문제 5 해설 생성 중... 완료
  문제 6 해설 생성 중... 완료
  문제 7 해설 생성 중... 완료
  문제 8 해설 생성 중... 완료
  문제 9 해설 생성 중... 완료
  문제 10 해설 생성 중... 완료
  문제 11 해설 생성 중... 완료
  문제 12 해설 생성 중... 완료
  문제 13 해설 생성 중... 완료
  문제 14 해설 생성 중... 완료
  문제 15 해설 생성 중... 완료
  문제 16 해설 생성 중... 완료
  문제 17 해설 생성 중... 완료
  문제 18 해설 생성 중... 완료
  문제 19 해설 생성 중... 완료
  문제 20 해설 생성 중... 완료
  -> 20개 해설 저장 완료


완료. 총 199개 해설 생성됨.
